<?xml version="1.0" encoding="UTF-8"?>
<testng-results ignored="0" total="1" passed="1" failed="0" skipped="0">
  <reporter-output>
  </reporter-output>
  <suite started-at="2025-05-05T23:22:16 IST" name="Default suite" finished-at="2025-05-05T23:22:24 IST" duration-ms="8324">
    <groups>
    </groups>
    <test started-at="2025-05-05T23:22:16 IST" name="Default test" finished-at="2025-05-05T23:22:24 IST" duration-ms="8324">
      <class name="TestCase.Testcase_03">
        <test-method is-config="true" signature="BrosweSetup()[pri:0, instance:TestCase.Testcase_03@3c41ed1d]" started-at="2025-05-05T23:22:16 IST" name="BrosweSetup" finished-at="2025-05-05T23:22:20 IST" duration-ms="4088" status="PASS">
          <reporter-output>
          </reporter-output>
        </test-method> <!-- BrosweSetup -->
        <test-method signature="main()[pri:0, instance:TestCase.Testcase_03@3c41ed1d]" started-at="2025-05-05T23:22:20 IST" name="main" finished-at="2025-05-05T23:22:24 IST" duration-ms="4190" status="PASS">
          <reporter-output>
          </reporter-output>
        </test-method> <!-- main -->
      </class> <!-- TestCase.Testcase_03 -->
    </test> <!-- Default test -->
  </suite> <!-- Default suite -->
</testng-results>
